Using pre-set license

 COMMAND LINE ARGUMENTS:
/Applications/Unity/Hub/Editor/2020.3.12f1/Unity.app/Contents/MacOS/Unity
-adb2
-batchMode
-noUpm
-name
AssetImportWorker141
-projectPath
/Users/stephenieprovidence/Documents/Group 4 Infinite Runner 2D
-logFile
Logs/AssetImportWorker141.log
-srvPort
49562
Successfully changed project path to: /Users/stephenieprovidence/Documents/Group 4 Infinite Runner 2D
/Users/stephenieprovidence/Documents/Group 4 Infinite Runner 2D
Using Asset Import Pipeline V2.
Assertion failed on expression: 'm_ErrorCode == MDB_MAP_RESIZED || !HasAbortingErrors()'

Asset database transaction committed twice!

Assertion failed on expression: 'errors == MDB_SUCCESS || errors == MDB_NOTFOUND'

Assertion failed on expression: 'm_ErrorCode == MDB_MAP_RESIZED || !HasAbortingErrors()'

Asset database transaction committed twice!

Assertion failed on expression: 'errors == MDB_SUCCESS || errors == MDB_NOTFOUND'

Refreshing native plugins compatible for Editor in 0.16 ms, found 0 plugins.
Preloading 0 native plugins for Editor in 0.00 ms.
Initialize engine version: 2020.3.12f1 (b3b2c6512326)
[Subsystems] Discovering subsystems at path /Applications/Unity/Hub/Editor/2020.3.12f1/Unity.app/Contents/Resources/UnitySubsystems
[Subsystems] Discovering subsystems at path /Users/stephenieprovidence/Documents/Group 4 Infinite Runner 2D/Assets
GfxDevice: creating device client; threaded=0
2021-07-15 11:19:40.170 Unity[3290:112569] Color LCD preferred device: Intel HD Graphics 4000 (low power)
2021-07-15 11:19:40.215 Unity[3290:112569] Metal devices available: 1
2021-07-15 11:19:40.215 Unity[3290:112569] 0: Intel HD Graphics 4000 (low power)
2021-07-15 11:19:40.259 Unity[3290:112569] Using device Intel HD Graphics 4000 (low power)
Initializing Metal device caps: Intel HD Graphics 4000
Assertion failed on expression: 'm_ErrorCode == MDB_MAP_RESIZED || !HasAbortingErrors()'

Asset database transaction committed twice!

Assertion failed on expression: 'errors == MDB_SUCCESS || errors == MDB_NOTFOUND'

Assertion failed on expression: 'm_ErrorCode == MDB_MAP_RESIZED || !HasAbortingErrors()'

Asset database transaction committed twice!

Assertion failed on expression: 'errors == MDB_SUCCESS || errors == MDB_NOTFOUND'

Assertion failed on expression: 'm_ErrorCode == MDB_MAP_RESIZED || !HasAbortingErrors()'

Asset database transaction committed twice!

Assertion failed on expression: 'errors == MDB_SUCCESS || errors == MDB_NOTFOUND'

Assertion failed on expression: 'm_ErrorCode == MDB_MAP_RESIZED || !HasAbortingErrors()'

Asset database transaction committed twice!

Assertion failed on expression: 'errors == MDB_SUCCESS || errors == MDB_NOTFOUND'

Initialize mono
Mono path[0] = '/Applications/Unity/Hub/Editor/2020.3.12f1/Unity.app/Contents/Managed'
Mono path[1] = '/Applications/Unity/Hub/Editor/2020.3.12f1/Unity.app/Contents/MonoBleedingEdge/lib/mono/unityjit'
Mono config path = '/Applications/Unity/Hub/Editor/2020.3.12f1/Unity.app/Contents/MonoBleedingEdge/etc'
Using monoOptions --debugger-agent=transport=dt_socket,embedding=1,server=y,suspend=n,address=127.0.0.1:56290
Assertion failed on expression: 'm_ErrorCode == MDB_MAP_RESIZED || !HasAbortingErrors()'

Asset database transaction committed twice!

Assertion failed on expression: 'errors == MDB_SUCCESS || errors == MDB_NOTFOUND'

Assertion failed on expression: 'm_ErrorCode == MDB_MAP_RESIZED || !HasAbortingErrors()'

Asset database transaction committed twice!

Assertion failed on expression: 'errors == MDB_SUCCESS || errors == MDB_NOTFOUND'

Assertion failed on expression: 'm_ErrorCode == MDB_MAP_RESIZED || !HasAbortingErrors()'

Asset database transaction committed twice!

Assertion failed on expression: 'errors == MDB_SUCCESS || errors == MDB_NOTFOUND'

Assertion failed on expression: 'm_ErrorCode == MDB_MAP_RESIZED || !HasAbortingErrors()'

Asset database transaction committed twice!

Assertion failed on expression: 'errors == MDB_SUCCESS || errors == MDB_NOTFOUND'

Assertion failed on expression: 'm_ErrorCode == MDB_MAP_RESIZED || !HasAbortingErrors()'

Asset database transaction committed twice!

Assertion failed on expression: 'errors == MDB_SUCCESS || errors == MDB_NOTFOUND'

Assertion failed on expression: 'm_ErrorCode == MDB_MAP_RESIZED || !HasAbortingErrors()'

Asset database transaction committed twice!

Assertion failed on expression: 'errors == MDB_SUCCESS || errors == MDB_NOTFOUND'

Begin MonoManager ReloadAssembly
