Using pre-set license
Built from '2020.3/release' branch; Version is '2020.3.12f1 (b3b2c6512326) revision 11776710'; Using compiler version '192528614'; Build Type 'Release'
OS: 'Windows 10 Pro; OS build 19042.1083; Version 2009; 64bit' Language: 'en' Physical Memory: 8097 MB
BatchMode: 1, IsHumanControllingUs: 0, StartBugReporterOnCrash: 0, Is64bit: 1, IsPro: 0

 COMMAND LINE ARGUMENTS:
C:\Program Files\Unity\Hub\Editor\2020.3.12f1\Editor\Unity.exe
-adb2
-batchMode
-noUpm
-name
AssetImportWorker1
-projectPath
C:/Users/CITS/Desktop/Group-4-Infinite-Runner-2D
-logFile
Logs/AssetImportWorker1.log
-srvPort
59081
Successfully changed project path to: C:/Users/CITS/Desktop/Group-4-Infinite-Runner-2D
C:/Users/CITS/Desktop/Group-4-Infinite-Runner-2D
Using Asset Import Pipeline V2.
Refreshing native plugins compatible for Editor in 115.13 ms, found 3 plugins.
Preloading 0 native plugins for Editor in 0.00 ms.
Initialize engine version: 2020.3.12f1 (b3b2c6512326)
[Subsystems] Discovering subsystems at path C:/Program Files/Unity/Hub/Editor/2020.3.12f1/Editor/Data/Resources/UnitySubsystems
[Subsystems] Discovering subsystems at path C:/Users/CITS/Desktop/Group-4-Infinite-Runner-2D/Assets
GfxDevice: creating device client; threaded=0
Direct3D:
    Version:  Direct3D 11.0 [level 11.1]
    Renderer: Intel(R) HD Graphics Family (ID=0xa16)
    Vendor:   
    VRAM:     2048 MB
    Driver:   20.19.15.5063
Initialize mono
Mono path[0] = 'C:/Program Files/Unity/Hub/Editor/2020.3.12f1/Editor/Data/Managed'
Mono path[1] = 'C:/Program Files/Unity/Hub/Editor/2020.3.12f1/Editor/Data/MonoBleedingEdge/lib/mono/unityjit'
Mono config path = 'C:/Program Files/Unity/Hub/Editor/2020.3.12f1/Editor/Data/MonoBleedingEdge/etc'
Using monoOptions --debugger-agent=transport=dt_socket,embedding=1,server=y,suspend=n,address=127.0.0.1:56412
Begin MonoManager ReloadAssembly
Registering precompiled unity dll's ...
Register platform support module: C:/Program Files/Unity/Hub/Editor/2020.3.12f1/Editor/Data/PlaybackEngines/WindowsStandaloneSupport/UnityEditor.WindowsStandalone.Extensions.dll
Registered in 0.005374 seconds.
Native extension for WindowsStandalone target not found
Refreshing native plugins compatible for Editor in 113.28 ms, found 3 plugins.
Preloading 0 native plugins for Editor in 0.00 ms.
Mono: successfully reloaded assembly
- Completed reload, in  2.015 seconds
Platform modules already initialized, skipping
Registering precompiled user dll's ...
Registered in 0.010364 seconds.
Begin MonoManager ReloadAssembly
Native extension for WindowsStandalone target not found
Refreshing native plugins compatible for Editor in 68.35 ms, found 3 plugins.
Preloading 0 native plugins for Editor in 0.00 ms.
Mono: successfully reloaded assembly
- Completed reload, in  8.850 seconds
Platform modules already initialized, skipping
========================================================================
Worker process is ready to serve import requests
Launched and connected shader compiler UnityShaderCompiler.exe after 0.18 seconds
Refreshing native plugins compatible for Editor in 0.66 ms, found 3 plugins.
Preloading 0 native plugins for Editor in 0.00 ms.
Unloading 2095 Unused Serialized files (Serialized files now loaded: 0)
System memory in use before: 93.3 MB.
System memory in use after: 93.4 MB.

Unloading 28 unused Assets to reduce memory usage. Loaded Objects now: 2534.
Total: 3.757900 ms (FindLiveObjects: 0.319400 ms CreateObjectMapping: 0.138500 ms MarkObjects: 3.197000 ms  DeleteObjects: 0.101300 ms)

AssetImportParameters requested are different than current active one (requested -> active):
  custom:framework-win-MediaFoundation: 216162199b28c13a410421893ffa2e32 -> 
  custom:video-decoder-ogg-theora: a1e56fd34408186e4bbccfd4996cb3dc -> 
  custom:container-muxer-webm: aa71ff27fc2769a1b78a27578f13a17b -> 
  custom:container-demuxer-webm: 4f35f7cbe854078d1ac9338744f61a02 -> 
  custom:container-demuxer-ogg: 62fdf1f143b41e24485cea50d1cbac27 -> 
  custom:video-encoder-webm-vp8: eb34c28f22e8b96e1ab97ce403110664 -> 
  custom:video-decoder-webm-vp8: 9c59270c3fd7afecdb556c50c9e8de78 -> 
  custom:audio-decoder-ogg-vorbis: bf7c407c2cedff20999df2af8eb42d56 -> 
  custom:audio-encoder-webm-vorbis: bf7c407c2cedff20999df2af8eb42d56 -> 
========================================================================
Received Import Request.
  path: ProjectSettings/TagManager.asset
  artifactKey: Guid(00000000000000003000000000000000) Importer(815301076,1909f56bfc062723c751e8b465ee728b)
Start importing ProjectSettings/TagManager.asset using Guid(00000000000000003000000000000000) Importer(815301076,1909f56bfc062723c751e8b465ee728b)  -> (artifact id: '6ce86526236e311c166fd55b49fa9a8c') in 0.056617 seconds 
  Import took 0.062981 seconds .

========================================================================
Received Import Request.
  Time since last request: 1156.425870 seconds.
  path: Assets/Dev/Miyon/LevelGenerator.cs
  artifactKey: Guid(09eebadc6254ba649af85f7f4c9545c6) Importer(815301076,1909f56bfc062723c751e8b465ee728b)
Start importing Assets/Dev/Miyon/LevelGenerator.cs using Guid(09eebadc6254ba649af85f7f4c9545c6) Importer(815301076,1909f56bfc062723c751e8b465ee728b)  -> (artifact id: '5da9adac1fe0feaf92dfd5a8edaccfec') in 0.064073 seconds 
  Import took 0.070131 seconds .

========================================================================
Received Prepare
Registering precompiled user dll's ...
Registered in 0.005338 seconds.
Begin MonoManager ReloadAssembly
Native extension for WindowsStandalone target not found
Refreshing native plugins compatible for Editor in 0.65 ms, found 3 plugins.
Preloading 0 native plugins for Editor in 0.00 ms.
Mono: successfully reloaded assembly
- Completed reload, in  1.697 seconds
Platform modules already initialized, skipping
Refreshing native plugins compatible for Editor in 0.69 ms, found 3 plugins.
Preloading 0 native plugins for Editor in 0.00 ms.
Unloading 2086 Unused Serialized files (Serialized files now loaded: 0)
System memory in use before: 92.8 MB.
System memory in use after: 92.9 MB.

Unloading 17 unused Assets to reduce memory usage. Loaded Objects now: 2539.
Total: 2.917100 ms (FindLiveObjects: 0.242700 ms CreateObjectMapping: 0.108700 ms MarkObjects: 2.530300 ms  DeleteObjects: 0.034000 ms)

AssetImportParameters requested are different than current active one (requested -> active):
  custom:framework-win-MediaFoundation: 216162199b28c13a410421893ffa2e32 -> 
  custom:video-decoder-ogg-theora: a1e56fd34408186e4bbccfd4996cb3dc -> 
  custom:container-muxer-webm: aa71ff27fc2769a1b78a27578f13a17b -> 
  custom:container-demuxer-webm: 4f35f7cbe854078d1ac9338744f61a02 -> 
  custom:container-demuxer-ogg: 62fdf1f143b41e24485cea50d1cbac27 -> 
  custom:video-encoder-webm-vp8: eb34c28f22e8b96e1ab97ce403110664 -> 
  custom:video-decoder-webm-vp8: 9c59270c3fd7afecdb556c50c9e8de78 -> 
  custom:audio-decoder-ogg-vorbis: bf7c407c2cedff20999df2af8eb42d56 -> 
  custom:audio-encoder-webm-vorbis: bf7c407c2cedff20999df2af8eb42d56 -> 
========================================================================
Received Import Request.
  Time since last request: 692.377579 seconds.
  path: Assets/Dev/Miyon/NewBehaviourScript.cs
  artifactKey: Guid(482973ce8ecc6b84a93ee334b706a3d9) Importer(815301076,1909f56bfc062723c751e8b465ee728b)
Start importing Assets/Dev/Miyon/NewBehaviourScript.cs using Guid(482973ce8ecc6b84a93ee334b706a3d9) Importer(815301076,1909f56bfc062723c751e8b465ee728b)  -> (artifact id: '526e41c6a2b48f58eb4afe475f7333c6') in 0.041717 seconds 
  Import took 0.049839 seconds .

========================================================================
Received Import Request.
  Time since last request: 0.004005 seconds.
  path: Assets/Dev/Miyon/NewBehaviourScript.cs
  artifactKey: Guid(482973ce8ecc6b84a93ee334b706a3d9) Importer(815301076,1909f56bfc062723c751e8b465ee728b)
Start importing Assets/Dev/Miyon/NewBehaviourScript.cs using Guid(482973ce8ecc6b84a93ee334b706a3d9) Importer(815301076,1909f56bfc062723c751e8b465ee728b)  -> (artifact id: '526e41c6a2b48f58eb4afe475f7333c6') in 0.018912 seconds 
  Import took 0.026017 seconds .

========================================================================
Received Prepare
Registering precompiled user dll's ...
Registered in 0.006493 seconds.
Begin MonoManager ReloadAssembly
Native extension for WindowsStandalone target not found
Refreshing native plugins compatible for Editor in 0.57 ms, found 3 plugins.
Preloading 0 native plugins for Editor in 0.00 ms.
Mono: successfully reloaded assembly
- Completed reload, in  1.675 seconds
Platform modules already initialized, skipping
Refreshing native plugins compatible for Editor in 0.63 ms, found 3 plugins.
Preloading 0 native plugins for Editor in 0.00 ms.
Unloading 2087 Unused Serialized files (Serialized files now loaded: 0)
System memory in use before: 92.8 MB.
System memory in use after: 93.0 MB.

Unloading 16 unused Assets to reduce memory usage. Loaded Objects now: 2544.
Total: 3.252100 ms (FindLiveObjects: 0.240200 ms CreateObjectMapping: 0.103600 ms MarkObjects: 2.879100 ms  DeleteObjects: 0.027100 ms)

AssetImportParameters requested are different than current active one (requested -> active):
  custom:framework-win-MediaFoundation: 216162199b28c13a410421893ffa2e32 -> 
  custom:video-decoder-ogg-theora: a1e56fd34408186e4bbccfd4996cb3dc -> 
  custom:container-muxer-webm: aa71ff27fc2769a1b78a27578f13a17b -> 
  custom:container-demuxer-webm: 4f35f7cbe854078d1ac9338744f61a02 -> 
  custom:container-demuxer-ogg: 62fdf1f143b41e24485cea50d1cbac27 -> 
  custom:video-encoder-webm-vp8: eb34c28f22e8b96e1ab97ce403110664 -> 
  custom:video-decoder-webm-vp8: 9c59270c3fd7afecdb556c50c9e8de78 -> 
  custom:audio-decoder-ogg-vorbis: bf7c407c2cedff20999df2af8eb42d56 -> 
  custom:audio-encoder-webm-vorbis: bf7c407c2cedff20999df2af8eb42d56 -> 
========================================================================
Received Import Request.
  Time since last request: 28.611602 seconds.
  path: Assets/Dev/Miyon/cameraollow.cs
  artifactKey: Guid(482973ce8ecc6b84a93ee334b706a3d9) Importer(815301076,1909f56bfc062723c751e8b465ee728b)
Start importing Assets/Dev/Miyon/cameraollow.cs using Guid(482973ce8ecc6b84a93ee334b706a3d9) Importer(815301076,1909f56bfc062723c751e8b465ee728b)  -> (artifact id: '12b5e74e6bbe9618be277efd2c4c9193') in 0.033787 seconds 
  Import took 0.041047 seconds .

========================================================================
Received Import Request.
  Time since last request: 0.003054 seconds.
  path: Assets/Dev/Miyon/cameraollow.cs
  artifactKey: Guid(482973ce8ecc6b84a93ee334b706a3d9) Importer(815301076,1909f56bfc062723c751e8b465ee728b)
Start importing Assets/Dev/Miyon/cameraollow.cs using Guid(482973ce8ecc6b84a93ee334b706a3d9) Importer(815301076,1909f56bfc062723c751e8b465ee728b)  -> (artifact id: '12b5e74e6bbe9618be277efd2c4c9193') in 0.008035 seconds 
  Import took 0.014349 seconds .

========================================================================
Received Prepare
Registering precompiled user dll's ...
Registered in 0.005594 seconds.
Begin MonoManager ReloadAssembly
Native extension for WindowsStandalone target not found
Refreshing native plugins compatible for Editor in 0.60 ms, found 3 plugins.
Preloading 0 native plugins for Editor in 0.00 ms.
Mono: successfully reloaded assembly
- Completed reload, in  1.908 seconds
Platform modules already initialized, skipping
Refreshing native plugins compatible for Editor in 0.79 ms, found 3 plugins.
Preloading 0 native plugins for Editor in 0.00 ms.
Unloading 2087 Unused Serialized files (Serialized files now loaded: 0)
System memory in use before: 92.9 MB.
System memory in use after: 93.0 MB.

Unloading 16 unused Assets to reduce memory usage. Loaded Objects now: 2548.
Total: 2.915900 ms (FindLiveObjects: 0.230400 ms CreateObjectMapping: 0.114400 ms MarkObjects: 2.542600 ms  DeleteObjects: 0.027400 ms)

AssetImportParameters requested are different than current active one (requested -> active):
  custom:framework-win-MediaFoundation: 216162199b28c13a410421893ffa2e32 -> 
  custom:video-decoder-ogg-theora: a1e56fd34408186e4bbccfd4996cb3dc -> 
  custom:container-muxer-webm: aa71ff27fc2769a1b78a27578f13a17b -> 
  custom:container-demuxer-webm: 4f35f7cbe854078d1ac9338744f61a02 -> 
  custom:container-demuxer-ogg: 62fdf1f143b41e24485cea50d1cbac27 -> 
  custom:video-encoder-webm-vp8: eb34c28f22e8b96e1ab97ce403110664 -> 
  custom:video-decoder-webm-vp8: 9c59270c3fd7afecdb556c50c9e8de78 -> 
  custom:audio-decoder-ogg-vorbis: bf7c407c2cedff20999df2af8eb42d56 -> 
  custom:audio-encoder-webm-vorbis: bf7c407c2cedff20999df2af8eb42d56 -> 
========================================================================
Received Prepare
Registering precompiled user dll's ...
Registered in 0.008854 seconds.
Begin MonoManager ReloadAssembly
Native extension for WindowsStandalone target not found
Refreshing native plugins compatible for Editor in 0.71 ms, found 3 plugins.
Preloading 0 native plugins for Editor in 0.00 ms.
Mono: successfully reloaded assembly
- Completed reload, in  1.475 seconds
Platform modules already initialized, skipping
Refreshing native plugins compatible for Editor in 0.60 ms, found 3 plugins.
Preloading 0 native plugins for Editor in 0.00 ms.
Unloading 2086 Unused Serialized files (Serialized files now loaded: 0)
System memory in use before: 92.9 MB.
System memory in use after: 93.0 MB.

Unloading 17 unused Assets to reduce memory usage. Loaded Objects now: 2551.
Total: 3.335200 ms (FindLiveObjects: 0.213600 ms CreateObjectMapping: 0.099900 ms MarkObjects: 2.982800 ms  DeleteObjects: 0.037700 ms)

AssetImportParameters requested are different than current active one (requested -> active):
  custom:framework-win-MediaFoundation: 216162199b28c13a410421893ffa2e32 -> 
  custom:video-decoder-ogg-theora: a1e56fd34408186e4bbccfd4996cb3dc -> 
  custom:container-muxer-webm: aa71ff27fc2769a1b78a27578f13a17b -> 
  custom:container-demuxer-webm: 4f35f7cbe854078d1ac9338744f61a02 -> 
  custom:container-demuxer-ogg: 62fdf1f143b41e24485cea50d1cbac27 -> 
  custom:video-encoder-webm-vp8: eb34c28f22e8b96e1ab97ce403110664 -> 
  custom:video-decoder-webm-vp8: 9c59270c3fd7afecdb556c50c9e8de78 -> 
  custom:audio-decoder-ogg-vorbis: bf7c407c2cedff20999df2af8eb42d56 -> 
  custom:audio-encoder-webm-vorbis: bf7c407c2cedff20999df2af8eb42d56 -> 
========================================================================
Received Import Request.
  Time since last request: 114.475013 seconds.
  path: Assets/Dev/Miyon/CameraFollow.cs
  artifactKey: Guid(ff571e21e3022b84b8c8193e878f7144) Importer(815301076,1909f56bfc062723c751e8b465ee728b)
Start importing Assets/Dev/Miyon/CameraFollow.cs using Guid(ff571e21e3022b84b8c8193e878f7144) Importer(815301076,1909f56bfc062723c751e8b465ee728b)  -> (artifact id: '632b3043ae4fed4b97b41d41ab522331') in 0.021278 seconds 
  Import took 0.029669 seconds .

========================================================================
Received Import Request.
  Time since last request: 0.029764 seconds.
  path: Assets/Dev/Miyon/CameraFollow.cs
  artifactKey: Guid(ff571e21e3022b84b8c8193e878f7144) Importer(815301076,1909f56bfc062723c751e8b465ee728b)
Start importing Assets/Dev/Miyon/CameraFollow.cs using Guid(ff571e21e3022b84b8c8193e878f7144) Importer(815301076,1909f56bfc062723c751e8b465ee728b)  -> (artifact id: '632b3043ae4fed4b97b41d41ab522331') in 0.007136 seconds 
  Import took 0.013512 seconds .

========================================================================
Received Import Request.
  Time since last request: 26.733539 seconds.
  path: Assets/Dev/Stephenie/Scripts/ScoreKeeper.cs
  artifactKey: Guid(b261b7ef2a46c461cb503fe49ff3f8e6) Importer(815301076,1909f56bfc062723c751e8b465ee728b)
Start importing Assets/Dev/Stephenie/Scripts/ScoreKeeper.cs using Guid(b261b7ef2a46c461cb503fe49ff3f8e6) Importer(815301076,1909f56bfc062723c751e8b465ee728b)  -> (artifact id: '07f20bc892f73c7e3cecae8b7bf324bd') in 0.016700 seconds 
  Import took 0.026112 seconds .

========================================================================
Received Import Request.
  Time since last request: 0.831418 seconds.
  path: Assets/Dev/Stephenie/Scripts/ScoreBoard.cs
  artifactKey: Guid(9b90c73d152674587be1f599ae908329) Importer(815301076,1909f56bfc062723c751e8b465ee728b)
Start importing Assets/Dev/Stephenie/Scripts/ScoreBoard.cs using Guid(9b90c73d152674587be1f599ae908329) Importer(815301076,1909f56bfc062723c751e8b465ee728b)  -> (artifact id: '01844a9e291100bae5d44afe83a9a556') in 0.016375 seconds 
  Import took 0.023942 seconds .

========================================================================
Received Import Request.
  Time since last request: 0.879715 seconds.
  path: Assets/Dev/Stephenie/Scripts/PMovement.cs
  artifactKey: Guid(09fe2cabbfffc49f5b96520a2c8b0a5d) Importer(815301076,1909f56bfc062723c751e8b465ee728b)
Start importing Assets/Dev/Stephenie/Scripts/PMovement.cs using Guid(09fe2cabbfffc49f5b96520a2c8b0a5d) Importer(815301076,1909f56bfc062723c751e8b465ee728b)  -> (artifact id: 'a673d4fc133ccab52479b541dff32d41') in 0.023231 seconds 
  Import took 0.029377 seconds .

========================================================================
Received Import Request.
  Time since last request: 0.003246 seconds.
  path: Assets/Dev/Stephenie/Scripts/PMovement.cs
  artifactKey: Guid(09fe2cabbfffc49f5b96520a2c8b0a5d) Importer(815301076,1909f56bfc062723c751e8b465ee728b)
Start importing Assets/Dev/Stephenie/Scripts/PMovement.cs using Guid(09fe2cabbfffc49f5b96520a2c8b0a5d) Importer(815301076,1909f56bfc062723c751e8b465ee728b)  -> (artifact id: 'a673d4fc133ccab52479b541dff32d41') in 0.010916 seconds 
  Import took 0.020237 seconds .

========================================================================
Received Prepare
Registering precompiled user dll's ...
Registered in 0.010011 seconds.
Begin MonoManager ReloadAssembly
Native extension for WindowsStandalone target not found
Refreshing native plugins compatible for Editor in 0.59 ms, found 3 plugins.
Preloading 0 native plugins for Editor in 0.00 ms.
Mono: successfully reloaded assembly
- Completed reload, in  1.680 seconds
Platform modules already initialized, skipping
Refreshing native plugins compatible for Editor in 0.89 ms, found 3 plugins.
Preloading 0 native plugins for Editor in 0.00 ms.
Unloading 2086 Unused Serialized files (Serialized files now loaded: 0)
System memory in use before: 92.9 MB.
System memory in use after: 93.0 MB.

Unloading 16 unused Assets to reduce memory usage. Loaded Objects now: 2555.
Total: 5.799300 ms (FindLiveObjects: 0.331200 ms CreateObjectMapping: 0.444300 ms MarkObjects: 4.976400 ms  DeleteObjects: 0.044800 ms)

AssetImportParameters requested are different than current active one (requested -> active):
  custom:framework-win-MediaFoundation: 216162199b28c13a410421893ffa2e32 -> 
  custom:video-decoder-ogg-theora: a1e56fd34408186e4bbccfd4996cb3dc -> 
  custom:container-muxer-webm: aa71ff27fc2769a1b78a27578f13a17b -> 
  custom:container-demuxer-webm: 4f35f7cbe854078d1ac9338744f61a02 -> 
  custom:container-demuxer-ogg: 62fdf1f143b41e24485cea50d1cbac27 -> 
  custom:video-encoder-webm-vp8: eb34c28f22e8b96e1ab97ce403110664 -> 
  custom:video-decoder-webm-vp8: 9c59270c3fd7afecdb556c50c9e8de78 -> 
  custom:audio-decoder-ogg-vorbis: bf7c407c2cedff20999df2af8eb42d56 -> 
  custom:audio-encoder-webm-vorbis: bf7c407c2cedff20999df2af8eb42d56 -> 
========================================================================
Received Import Request.
  Time since last request: 109.201429 seconds.
  path: Assets/Dev/Miyon/New Scene.unity
  artifactKey: Guid(b579e9a7f2a841046a310335f4b12e4a) Importer(815301076,1909f56bfc062723c751e8b465ee728b)
Start importing Assets/Dev/Miyon/New Scene.unity using Guid(b579e9a7f2a841046a310335f4b12e4a) Importer(815301076,1909f56bfc062723c751e8b465ee728b)  -> (artifact id: 'e5ce26c521ec5091f314f182d0f2f044') in 0.043254 seconds 
  Import took 0.050929 seconds .

========================================================================
Received Import Request.
  Time since last request: 4748.562424 seconds.
  path: Assets/Dev/Miyon/LevelPart_1.prefab
  artifactKey: Guid(f4b2534ae79f9474788e67167bcb234a) Importer(815301076,1909f56bfc062723c751e8b465ee728b)
Start importing Assets/Dev/Miyon/LevelPart_1.prefab using Guid(f4b2534ae79f9474788e67167bcb234a) Importer(815301076,1909f56bfc062723c751e8b465ee728b)  -> (artifact id: '78ed862d8ccdc8e23205d6200da82c0f') in 0.162651 seconds 
  Import took 0.168792 seconds .

========================================================================
Received Import Request.
  Time since last request: 126.794423 seconds.
  path: Assets/Dev/Miyon/LevelPart_1 1.prefab
  artifactKey: Guid(9e69acb050939894a972a2bd0fe0c90e) Importer(815301076,1909f56bfc062723c751e8b465ee728b)
Start importing Assets/Dev/Miyon/LevelPart_1 1.prefab using Guid(9e69acb050939894a972a2bd0fe0c90e) Importer(815301076,1909f56bfc062723c751e8b465ee728b)  -> (artifact id: 'c4b70ea2fb951c890f1e2a1d1121096f') in 0.045244 seconds 
  Import took 0.053362 seconds .

========================================================================
Received Import Request.
  Time since last request: 0.004762 seconds.
  path: Assets/Dev/Miyon/LevelPart_1 1.prefab
  artifactKey: Guid(9e69acb050939894a972a2bd0fe0c90e) Importer(815301076,1909f56bfc062723c751e8b465ee728b)
Start importing Assets/Dev/Miyon/LevelPart_1 1.prefab using Guid(9e69acb050939894a972a2bd0fe0c90e) Importer(815301076,1909f56bfc062723c751e8b465ee728b)  -> (artifact id: 'c4b70ea2fb951c890f1e2a1d1121096f') in 0.042397 seconds 
  Import took 0.050381 seconds .

========================================================================
Received Import Request.
  Time since last request: 375.639642 seconds.
  path: Assets/Dev/Miyon/Spike One (1).prefab
  artifactKey: Guid(7f5ae017779edf446908ce19e592faec) Importer(815301076,1909f56bfc062723c751e8b465ee728b)
Start importing Assets/Dev/Miyon/Spike One (1).prefab using Guid(7f5ae017779edf446908ce19e592faec) Importer(815301076,1909f56bfc062723c751e8b465ee728b)  -> (artifact id: 'dcef61540400e200d1e154eb0ed42684') in 0.044891 seconds 
  Import took 0.052432 seconds .

========================================================================
Received Import Request.
  Time since last request: 376.604519 seconds.
  path: Assets/Dev/Miyon/LevelPart_2.prefab
  artifactKey: Guid(1b87fa8456b721446a9dcd8c08167268) Importer(815301076,1909f56bfc062723c751e8b465ee728b)
Start importing Assets/Dev/Miyon/LevelPart_2.prefab using Guid(1b87fa8456b721446a9dcd8c08167268) Importer(815301076,1909f56bfc062723c751e8b465ee728b)  -> (artifact id: '897ee3a929c4899c2d24ad19b06ba35b') in 0.050214 seconds 
  Import took 0.058294 seconds .

========================================================================
Received Import Request.
  Time since last request: 0.002122 seconds.
  path: Assets/Dev/Miyon/LevelPart_2.prefab
  artifactKey: Guid(1b87fa8456b721446a9dcd8c08167268) Importer(815301076,1909f56bfc062723c751e8b465ee728b)
Start importing Assets/Dev/Miyon/LevelPart_2.prefab using Guid(1b87fa8456b721446a9dcd8c08167268) Importer(815301076,1909f56bfc062723c751e8b465ee728b)  -> (artifact id: '897ee3a929c4899c2d24ad19b06ba35b') in 0.027992 seconds 
  Import took 0.034447 seconds .

========================================================================
Received Import Request.
  Time since last request: 367.802776 seconds.
  path: Assets/Dev/Miyon/LevelPart_2.prefab
  artifactKey: Guid(1b87fa8456b721446a9dcd8c08167268) Importer(815301076,1909f56bfc062723c751e8b465ee728b)
Start importing Assets/Dev/Miyon/LevelPart_2.prefab using Guid(1b87fa8456b721446a9dcd8c08167268) Importer(815301076,1909f56bfc062723c751e8b465ee728b)  -> (artifact id: 'cf7888f4053d5b53ac495cdbcba1881f') in 0.047857 seconds 
  Import took 0.058155 seconds .

========================================================================
Received Import Request.
  Time since last request: 23.465163 seconds.
  path: Assets/Dev/Miyon/LevelGenerator.cs
  artifactKey: Guid(09eebadc6254ba649af85f7f4c9545c6) Importer(815301076,1909f56bfc062723c751e8b465ee728b)
Start importing Assets/Dev/Miyon/LevelGenerator.cs using Guid(09eebadc6254ba649af85f7f4c9545c6) Importer(815301076,1909f56bfc062723c751e8b465ee728b)  -> (artifact id: '43769601d9a00910c67db79f2fd3127b') in 0.014756 seconds 
  Import took 0.022102 seconds .

========================================================================
Received Import Request.
  Time since last request: 793.380150 seconds.
  path: Assets/Dev/Miyon/LevelPart_3.prefab
  artifactKey: Guid(7275fa49843b0c84d851a3d7cebbcc4e) Importer(815301076,1909f56bfc062723c751e8b465ee728b)
Start importing Assets/Dev/Miyon/LevelPart_3.prefab using Guid(7275fa49843b0c84d851a3d7cebbcc4e) Importer(815301076,1909f56bfc062723c751e8b465ee728b)  -> (artifact id: '6c14278b3a57115c2fa584af0038dc3e') in 0.052911 seconds 
  Import took 0.064707 seconds .

========================================================================
Received Import Request.
  Time since last request: 0.001095 seconds.
  path: Assets/Dev/Miyon/LevelPart_3.prefab
  artifactKey: Guid(7275fa49843b0c84d851a3d7cebbcc4e) Importer(815301076,1909f56bfc062723c751e8b465ee728b)
Start importing Assets/Dev/Miyon/LevelPart_3.prefab using Guid(7275fa49843b0c84d851a3d7cebbcc4e) Importer(815301076,1909f56bfc062723c751e8b465ee728b)  -> (artifact id: '6c14278b3a57115c2fa584af0038dc3e') in 0.032594 seconds 
  Import took 0.039670 seconds .

========================================================================
Received Import Request.
  Time since last request: 57.683841 seconds.
  path: Assets/Dev/Miyon/LevelPart_3.prefab
  artifactKey: Guid(7275fa49843b0c84d851a3d7cebbcc4e) Importer(815301076,1909f56bfc062723c751e8b465ee728b)
Start importing Assets/Dev/Miyon/LevelPart_3.prefab using Guid(7275fa49843b0c84d851a3d7cebbcc4e) Importer(815301076,1909f56bfc062723c751e8b465ee728b)  -> (artifact id: '6f3166a1db7137f5d3dbde7ba31a24a3') in 0.028688 seconds 
  Import took 0.035556 seconds .

========================================================================
Received Import Request.
  Time since last request: 31.104144 seconds.
  path: Assets/Dev/Miyon/EndPosition .prefab
  artifactKey: Guid(c1b7faa016f9c274387fec2aca268b71) Importer(815301076,1909f56bfc062723c751e8b465ee728b)
Start importing Assets/Dev/Miyon/EndPosition .prefab using Guid(c1b7faa016f9c274387fec2aca268b71) Importer(815301076,1909f56bfc062723c751e8b465ee728b)  -> (artifact id: 'ea2d4a36a8859ec4c4f753c758540bf9') in 0.018590 seconds 
  Import took 0.025199 seconds .

========================================================================
Received Import Request.
  Time since last request: 61.264317 seconds.
  path: Assets/Dev/Miyon/LevelPart_3.prefab
  artifactKey: Guid(7275fa49843b0c84d851a3d7cebbcc4e) Importer(815301076,1909f56bfc062723c751e8b465ee728b)
Start importing Assets/Dev/Miyon/LevelPart_3.prefab using Guid(7275fa49843b0c84d851a3d7cebbcc4e) Importer(815301076,1909f56bfc062723c751e8b465ee728b)  -> (artifact id: '5ee7df648f2b5eb77e003857cb4ef049') in 0.035460 seconds 
  Import took 0.041138 seconds .

========================================================================
Received Import Request.
  Time since last request: 0.009677 seconds.
  path: Assets/Dev/Miyon/LevelPart_3.prefab
  artifactKey: Guid(7275fa49843b0c84d851a3d7cebbcc4e) Importer(815301076,1909f56bfc062723c751e8b465ee728b)
Start importing Assets/Dev/Miyon/LevelPart_3.prefab using Guid(7275fa49843b0c84d851a3d7cebbcc4e) Importer(815301076,1909f56bfc062723c751e8b465ee728b)  -> (artifact id: '5ee7df648f2b5eb77e003857cb4ef049') in 0.035731 seconds 
  Import took 0.045345 seconds .

