Using pre-set license
Built from '2020.3/release' branch; Version is '2020.3.12f1 (b3b2c6512326) revision 11776710'; Using compiler version '192528614'; Build Type 'Release'
OS: 'Windows 10 Pro; OS build 19042.1083; Version 2009; 64bit' Language: 'en' Physical Memory: 8097 MB
BatchMode: 1, IsHumanControllingUs: 0, StartBugReporterOnCrash: 0, Is64bit: 1, IsPro: 0

 COMMAND LINE ARGUMENTS:
C:\Program Files\Unity\Hub\Editor\2020.3.12f1\Editor\Unity.exe
-adb2
-batchMode
-noUpm
-name
AssetImportWorker0
-projectPath
C:/Users/CITS/Desktop/Group-4-Infinite-Runner-2D
-logFile
Logs/AssetImportWorker0.log
-srvPort
53612
Successfully changed project path to: C:/Users/CITS/Desktop/Group-4-Infinite-Runner-2D
C:/Users/CITS/Desktop/Group-4-Infinite-Runner-2D
Using Asset Import Pipeline V2.
Refreshing native plugins compatible for Editor in 62.11 ms, found 3 plugins.
Preloading 0 native plugins for Editor in 0.00 ms.
Initialize engine version: 2020.3.12f1 (b3b2c6512326)
[Subsystems] Discovering subsystems at path C:/Program Files/Unity/Hub/Editor/2020.3.12f1/Editor/Data/Resources/UnitySubsystems
[Subsystems] Discovering subsystems at path C:/Users/CITS/Desktop/Group-4-Infinite-Runner-2D/Assets
GfxDevice: creating device client; threaded=0
Direct3D:
    Version:  Direct3D 11.0 [level 11.1]
    Renderer: Intel(R) HD Graphics Family (ID=0xa16)
    Vendor:   
    VRAM:     2048 MB
    Driver:   20.19.15.5063
Initialize mono
Mono path[0] = 'C:/Program Files/Unity/Hub/Editor/2020.3.12f1/Editor/Data/Managed'
Mono path[1] = 'C:/Program Files/Unity/Hub/Editor/2020.3.12f1/Editor/Data/MonoBleedingEdge/lib/mono/unityjit'
Mono config path = 'C:/Program Files/Unity/Hub/Editor/2020.3.12f1/Editor/Data/MonoBleedingEdge/etc'
Using monoOptions --debugger-agent=transport=dt_socket,embedding=1,server=y,suspend=n,address=127.0.0.1:56468
Begin MonoManager ReloadAssembly
Registering precompiled unity dll's ...
Register platform support module: C:/Program Files/Unity/Hub/Editor/2020.3.12f1/Editor/Data/PlaybackEngines/WindowsStandaloneSupport/UnityEditor.WindowsStandalone.Extensions.dll
Registered in 0.002671 seconds.
Native extension for WindowsStandalone target not found
Refreshing native plugins compatible for Editor in 56.71 ms, found 3 plugins.
Preloading 0 native plugins for Editor in 0.00 ms.
Mono: successfully reloaded assembly
- Completed reload, in  1.759 seconds
Platform modules already initialized, skipping
Registering precompiled user dll's ...
Registered in 0.005346 seconds.
Begin MonoManager ReloadAssembly
Native extension for WindowsStandalone target not found
Refreshing native plugins compatible for Editor in 58.40 ms, found 3 plugins.
Preloading 0 native plugins for Editor in 0.00 ms.
Mono: successfully reloaded assembly
- Completed reload, in  1.608 seconds
Platform modules already initialized, skipping
========================================================================
Worker process is ready to serve import requests
Launched and connected shader compiler UnityShaderCompiler.exe after 0.06 seconds
Refreshing native plugins compatible for Editor in 0.94 ms, found 3 plugins.
Preloading 0 native plugins for Editor in 0.00 ms.
Unloading 2094 Unused Serialized files (Serialized files now loaded: 0)
System memory in use before: 93.2 MB.
System memory in use after: 93.3 MB.

Unloading 28 unused Assets to reduce memory usage. Loaded Objects now: 2532.
Total: 3.341200 ms (FindLiveObjects: 0.243700 ms CreateObjectMapping: 0.117700 ms MarkObjects: 2.884200 ms  DeleteObjects: 0.094100 ms)

AssetImportParameters requested are different than current active one (requested -> active):
  custom:framework-win-MediaFoundation: 216162199b28c13a410421893ffa2e32 -> 
  custom:video-decoder-ogg-theora: a1e56fd34408186e4bbccfd4996cb3dc -> 
  custom:container-muxer-webm: aa71ff27fc2769a1b78a27578f13a17b -> 
  custom:container-demuxer-webm: 4f35f7cbe854078d1ac9338744f61a02 -> 
  custom:container-demuxer-ogg: 62fdf1f143b41e24485cea50d1cbac27 -> 
  custom:video-encoder-webm-vp8: eb34c28f22e8b96e1ab97ce403110664 -> 
  custom:video-decoder-webm-vp8: 9c59270c3fd7afecdb556c50c9e8de78 -> 
  custom:audio-decoder-ogg-vorbis: bf7c407c2cedff20999df2af8eb42d56 -> 
  custom:audio-encoder-webm-vorbis: bf7c407c2cedff20999df2af8eb42d56 -> 
========================================================================
Received Import Request.
  path: Assets/Dev/Stephenie/Scripts/InstantKill.cs
  artifactKey: Guid(11890da1abce8437fae045d21c3aea1a) Importer(815301076,1909f56bfc062723c751e8b465ee728b)
Start importing Assets/Dev/Stephenie/Scripts/InstantKill.cs using Guid(11890da1abce8437fae045d21c3aea1a) Importer(815301076,1909f56bfc062723c751e8b465ee728b)  -> (artifact id: '6f98137835eda6f2a800b98e144b9aca') in 0.060347 seconds 
  Import took 0.065898 seconds .

========================================================================
Received Import Request.
  Time since last request: 0.000329 seconds.
  path: Assets/Dev/Stephenie/Scripts/CharacterControls.cs
  artifactKey: Guid(e69b3100c45b74d62ac4c2b617fac38d) Importer(815301076,1909f56bfc062723c751e8b465ee728b)
Start importing Assets/Dev/Stephenie/Scripts/CharacterControls.cs using Guid(e69b3100c45b74d62ac4c2b617fac38d) Importer(815301076,1909f56bfc062723c751e8b465ee728b)  -> (artifact id: 'a23795e0f1b040d139e765bc473930d7') in 0.012678 seconds 
  Import took 0.017918 seconds .

========================================================================
Received Import Request.
  Time since last request: 0.000355 seconds.
  path: Assets/Dev/Stephenie/Scripts
  artifactKey: Guid(d4fa2dfba3a6e447a898a42895850ace) Importer(815301076,1909f56bfc062723c751e8b465ee728b)
Start importing Assets/Dev/Stephenie/Scripts using Guid(d4fa2dfba3a6e447a898a42895850ace) Importer(815301076,1909f56bfc062723c751e8b465ee728b)  -> (artifact id: '3c2974fcf46d93a92079bd90adc597ff') in 0.037624 seconds 
  Import took 0.047304 seconds .

========================================================================
Received Import Request.
  Time since last request: 6.206272 seconds.
  path: Assets/Dev/Stephenie/Scenes/Scenes
  artifactKey: Guid(5002414f249e843439e788d0a25d2141) Importer(815301076,1909f56bfc062723c751e8b465ee728b)
Start importing Assets/Dev/Stephenie/Scenes/Scenes using Guid(5002414f249e843439e788d0a25d2141) Importer(815301076,1909f56bfc062723c751e8b465ee728b)  -> (artifact id: '944d4b34503ba0e31e8a3d09c9a7833c') in 0.017484 seconds 
  Import took 0.023599 seconds .

========================================================================
Received Import Request.
  Time since last request: 1.578752 seconds.
  path: Assets/Dev/Stephenie/Scenes/Scenes/Stephenie's Scene.unity
  artifactKey: Guid(3046b54df9c01d04ea13d8d39005a189) Importer(815301076,1909f56bfc062723c751e8b465ee728b)
Start importing Assets/Dev/Stephenie/Scenes/Scenes/Stephenie's Scene.unity using Guid(3046b54df9c01d04ea13d8d39005a189) Importer(815301076,1909f56bfc062723c751e8b465ee728b)  -> (artifact id: '9521dc4b140be558c46018f0c3eca4b5') in 0.023812 seconds 
  Import took 0.029810 seconds .

========================================================================
Received Import Request.
  Time since last request: 13.364392 seconds.
  path: Assets/Dev/Miyon/Coin One.prefab
  artifactKey: Guid(d5d08c62852591445b9819b761b8479a) Importer(815301076,1909f56bfc062723c751e8b465ee728b)
Start importing Assets/Dev/Miyon/Coin One.prefab using Guid(d5d08c62852591445b9819b761b8479a) Importer(815301076,1909f56bfc062723c751e8b465ee728b)  -> (artifact id: '39760e9801587e1d73d9e0300846ebb7') in 0.139283 seconds 
  Import took 0.145934 seconds .

========================================================================
Received Import Request.
  Time since last request: 4.844968 seconds.
  path: Assets/Dev/Miyon/Spikes.prefab
  artifactKey: Guid(7761080ba6a5b534ca183faedf083390) Importer(815301076,1909f56bfc062723c751e8b465ee728b)
Start importing Assets/Dev/Miyon/Spikes.prefab using Guid(7761080ba6a5b534ca183faedf083390) Importer(815301076,1909f56bfc062723c751e8b465ee728b)  -> (artifact id: '08d6101b37fef5aedb9eb4750cf01f08') in 0.037461 seconds 
  Import took 0.043018 seconds .

========================================================================
Received Import Request.
  Time since last request: 18.211032 seconds.
  path: Assets/Dev/Miyon
  artifactKey: Guid(9554ffe67578148a5b49066145537f90) Importer(815301076,1909f56bfc062723c751e8b465ee728b)
Start importing Assets/Dev/Miyon using Guid(9554ffe67578148a5b49066145537f90) Importer(815301076,1909f56bfc062723c751e8b465ee728b)  -> (artifact id: '1f0e91b7400d4d922b00216bac5ef3e0') in 0.038500 seconds 
  Import took 0.051437 seconds .

========================================================================
Received Import Request.
  Time since last request: 12.530705 seconds.
  path: Assets/Dev/Miyon/Square.png
  artifactKey: Guid(ddd21f321ba616741a45179a18a4a887) Importer(815301076,1909f56bfc062723c751e8b465ee728b)
Start importing Assets/Dev/Miyon/Square.png using Guid(ddd21f321ba616741a45179a18a4a887) Importer(815301076,1909f56bfc062723c751e8b465ee728b)  -> (artifact id: '2284864b0faa849acabdbd2515ec8bb6') in 0.059208 seconds 
  Import took 0.064684 seconds .

========================================================================
Received Import Request.
  Time since last request: 74.582576 seconds.
  path: Assets/Dev/Miyon/pixilart-drawing.png
  artifactKey: Guid(e6215f740f1aedb4495f134db130f490) Importer(815301076,1909f56bfc062723c751e8b465ee728b)
Start importing Assets/Dev/Miyon/pixilart-drawing.png using Guid(e6215f740f1aedb4495f134db130f490) Importer(815301076,1909f56bfc062723c751e8b465ee728b)  -> (artifact id: 'b8c161544b5468a83a176565533d28c7') in 0.025032 seconds 
  Import took 0.030920 seconds .

========================================================================
Received Import Request.
  Time since last request: 0.055248 seconds.
  path: Assets/Dev/Miyon/pixilart-drawing.png
  artifactKey: Guid(e6215f740f1aedb4495f134db130f490) Importer(815301076,1909f56bfc062723c751e8b465ee728b)
Start importing Assets/Dev/Miyon/pixilart-drawing.png using Guid(e6215f740f1aedb4495f134db130f490) Importer(815301076,1909f56bfc062723c751e8b465ee728b)  -> (artifact id: 'b8c161544b5468a83a176565533d28c7') in 0.016520 seconds 
  Import took 0.025187 seconds .

========================================================================
Received Import Request.
  Time since last request: 99.831917 seconds.
  path: Assets/Dev/Miyon/h_platform.prefab
  artifactKey: Guid(70c2315269a0fa240a7b4dedcdcab56d) Importer(815301076,1909f56bfc062723c751e8b465ee728b)
Start importing Assets/Dev/Miyon/h_platform.prefab using Guid(70c2315269a0fa240a7b4dedcdcab56d) Importer(815301076,1909f56bfc062723c751e8b465ee728b)  -> (artifact id: '08927e594eb6fc8cf6c1d776279c0aed') in 0.033135 seconds 
  Import took 0.040992 seconds .

========================================================================
Received Import Request.
  Time since last request: 105.246304 seconds.
  path: Assets/Dev/Miyon/New Scene.unity
  artifactKey: Guid(b579e9a7f2a841046a310335f4b12e4a) Importer(815301076,1909f56bfc062723c751e8b465ee728b)
Start importing Assets/Dev/Miyon/New Scene.unity using Guid(b579e9a7f2a841046a310335f4b12e4a) Importer(815301076,1909f56bfc062723c751e8b465ee728b)  -> (artifact id: '61c27948c9a0c24a9fb86ec379837aef') in 0.017354 seconds 
  Import took 0.022687 seconds .

========================================================================
Received Import Request.
  Time since last request: 84.499940 seconds.
  path: Assets/Dev/Stephenie/Fonts/ZenTokyoZoo-Regular.ttf
  artifactKey: Guid(8886df75074d84956a6055a36cd3b56d) Importer(815301076,1909f56bfc062723c751e8b465ee728b)
Start importing Assets/Dev/Stephenie/Fonts/ZenTokyoZoo-Regular.ttf using Guid(8886df75074d84956a6055a36cd3b56d) Importer(815301076,1909f56bfc062723c751e8b465ee728b)  -> (artifact id: 'e4e296788bbee24dc04f37d10c7950f4') in 0.053390 seconds 
  Import took 0.059263 seconds .

========================================================================
Received Import Request.
  Time since last request: 1.146098 seconds.
  path: Assets/Dev/Stephenie/Materials/Slippery.physicsMaterial2D
  artifactKey: Guid(5d77bbe6fb657428681d4c9af83ef574) Importer(815301076,1909f56bfc062723c751e8b465ee728b)
Start importing Assets/Dev/Stephenie/Materials/Slippery.physicsMaterial2D using Guid(5d77bbe6fb657428681d4c9af83ef574) Importer(815301076,1909f56bfc062723c751e8b465ee728b)  -> (artifact id: '58529fd6de38fa7ceef4b9c7fea7e59c') in 0.018349 seconds 
  Import took 0.028303 seconds .

========================================================================
Received Import Request.
  Time since last request: 136.239099 seconds.
  path: Assets/Dev/Miyon/New Scene.unity
  artifactKey: Guid(b579e9a7f2a841046a310335f4b12e4a) Importer(815301076,1909f56bfc062723c751e8b465ee728b)
Start importing Assets/Dev/Miyon/New Scene.unity using Guid(b579e9a7f2a841046a310335f4b12e4a) Importer(815301076,1909f56bfc062723c751e8b465ee728b)  -> (artifact id: 'd641b76112ff1c15672a232f9e4a1f2c') in 0.018042 seconds 
  Import took 0.025557 seconds .

========================================================================
Received Import Request.
  Time since last request: 290.100198 seconds.
  path: Assets/Dev/Miyon/New Scene.unity
  artifactKey: Guid(b579e9a7f2a841046a310335f4b12e4a) Importer(815301076,1909f56bfc062723c751e8b465ee728b)
Start importing Assets/Dev/Miyon/New Scene.unity using Guid(b579e9a7f2a841046a310335f4b12e4a) Importer(815301076,1909f56bfc062723c751e8b465ee728b)  -> (artifact id: '827a4603b147fbc5345345393cf70440') in 0.010007 seconds 
  Import took 0.019486 seconds .

========================================================================
Received Import Request.
  Time since last request: 52.741320 seconds.
  path: Assets/Dev/Lily/Background/back1.png
  artifactKey: Guid(0a951e6e18e13cb45a1b8980d2bab55f) Importer(815301076,1909f56bfc062723c751e8b465ee728b)
Start importing Assets/Dev/Lily/Background/back1.png using Guid(0a951e6e18e13cb45a1b8980d2bab55f) Importer(815301076,1909f56bfc062723c751e8b465ee728b)  -> (artifact id: 'f44d9fad3b55e11b9ac4da40dc7fdf84') in 0.022002 seconds 
  Import took 0.027871 seconds .

========================================================================
Received Import Request.
  Time since last request: 0.000279 seconds.
  path: Assets/Dev/Lily/Background/back2.png
  artifactKey: Guid(ecca8ad2e699c2647a394d5d2371d624) Importer(815301076,1909f56bfc062723c751e8b465ee728b)
Start importing Assets/Dev/Lily/Background/back2.png using Guid(ecca8ad2e699c2647a394d5d2371d624) Importer(815301076,1909f56bfc062723c751e8b465ee728b)  -> (artifact id: '738d735ae64e2d6bd62b1fd2af358d2e') in 0.034286 seconds 
  Import took 0.041130 seconds .

========================================================================
Received Import Request.
  Time since last request: 0.000093 seconds.
  path: Assets/Dev/Lily/Background/back3.png
  artifactKey: Guid(b884e3733a7ee6c48b1a4ed30739fcb2) Importer(815301076,1909f56bfc062723c751e8b465ee728b)
Start importing Assets/Dev/Lily/Background/back3.png using Guid(b884e3733a7ee6c48b1a4ed30739fcb2) Importer(815301076,1909f56bfc062723c751e8b465ee728b)  -> (artifact id: '541e45f1a5a9d5adc9728aaff8ec3ffb') in 0.038231 seconds 
  Import took 0.047368 seconds .

========================================================================
Received Import Request.
  Time since last request: 52.229865 seconds.
  path: Assets/Dev/Miyon/New Scene.unity
  artifactKey: Guid(b579e9a7f2a841046a310335f4b12e4a) Importer(815301076,1909f56bfc062723c751e8b465ee728b)
Start importing Assets/Dev/Miyon/New Scene.unity using Guid(b579e9a7f2a841046a310335f4b12e4a) Importer(815301076,1909f56bfc062723c751e8b465ee728b)  -> (artifact id: '1ab7191f5002043757a736a2a649730c') in 0.010301 seconds 
  Import took 0.018423 seconds .

========================================================================
Received Import Request.
  Time since last request: 0.000740 seconds.
  path: Assets/Dev/Miyon/New Scene.unity
  artifactKey: Guid(b579e9a7f2a841046a310335f4b12e4a) Importer(815301076,1909f56bfc062723c751e8b465ee728b)
Start importing Assets/Dev/Miyon/New Scene.unity using Guid(b579e9a7f2a841046a310335f4b12e4a) Importer(815301076,1909f56bfc062723c751e8b465ee728b)  -> (artifact id: '1ab7191f5002043757a736a2a649730c') in 0.006307 seconds 
  Import took 0.013756 seconds .

========================================================================
Received Import Request.
  Time since last request: 35.114012 seconds.
  path: Assets/Dev/Miyon/New Scene.unity
  artifactKey: Guid(b579e9a7f2a841046a310335f4b12e4a) Importer(815301076,1909f56bfc062723c751e8b465ee728b)
Start importing Assets/Dev/Miyon/New Scene.unity using Guid(b579e9a7f2a841046a310335f4b12e4a) Importer(815301076,1909f56bfc062723c751e8b465ee728b)  -> (artifact id: 'e3e6338e09c8978809edb3925ce9ae6a') in 0.010365 seconds 
  Import took 0.019190 seconds .

========================================================================
Received Import Request.
  Time since last request: 20.197484 seconds.
  path: Assets/Dev/Miyon/New Scene.unity
  artifactKey: Guid(b579e9a7f2a841046a310335f4b12e4a) Importer(815301076,1909f56bfc062723c751e8b465ee728b)
Start importing Assets/Dev/Miyon/New Scene.unity using Guid(b579e9a7f2a841046a310335f4b12e4a) Importer(815301076,1909f56bfc062723c751e8b465ee728b)  -> (artifact id: 'b9204fcb3ae74a6b1550e9ea6ac044e3') in 0.008953 seconds 
  Import took 0.017316 seconds .

========================================================================
Received Import Request.
  Time since last request: 0.001106 seconds.
  path: Assets/Dev/Miyon/New Scene.unity
  artifactKey: Guid(b579e9a7f2a841046a310335f4b12e4a) Importer(815301076,1909f56bfc062723c751e8b465ee728b)
Start importing Assets/Dev/Miyon/New Scene.unity using Guid(b579e9a7f2a841046a310335f4b12e4a) Importer(815301076,1909f56bfc062723c751e8b465ee728b)  -> (artifact id: 'b9204fcb3ae74a6b1550e9ea6ac044e3') in 0.004695 seconds 
  Import took 0.012050 seconds .

========================================================================
Received Import Request.
  Time since last request: 34.972963 seconds.
  path: Assets/Dev/Miyon/New Scene.unity
  artifactKey: Guid(b579e9a7f2a841046a310335f4b12e4a) Importer(815301076,1909f56bfc062723c751e8b465ee728b)
Start importing Assets/Dev/Miyon/New Scene.unity using Guid(b579e9a7f2a841046a310335f4b12e4a) Importer(815301076,1909f56bfc062723c751e8b465ee728b)  -> (artifact id: '7d1622306e6c16df4780bb0431025136') in 0.010085 seconds 
  Import took 0.018120 seconds .

========================================================================
Received Import Request.
  Time since last request: 0.001218 seconds.
  path: Assets/Dev/Miyon/New Scene.unity
  artifactKey: Guid(b579e9a7f2a841046a310335f4b12e4a) Importer(815301076,1909f56bfc062723c751e8b465ee728b)
Start importing Assets/Dev/Miyon/New Scene.unity using Guid(b579e9a7f2a841046a310335f4b12e4a) Importer(815301076,1909f56bfc062723c751e8b465ee728b)  -> (artifact id: '7d1622306e6c16df4780bb0431025136') in 0.008545 seconds 
  Import took 0.015492 seconds .

========================================================================
Received Import Request.
  Time since last request: 24.047515 seconds.
  path: Assets/Dev/Miyon/New Scene.unity
  artifactKey: Guid(b579e9a7f2a841046a310335f4b12e4a) Importer(815301076,1909f56bfc062723c751e8b465ee728b)
Start importing Assets/Dev/Miyon/New Scene.unity using Guid(b579e9a7f2a841046a310335f4b12e4a) Importer(815301076,1909f56bfc062723c751e8b465ee728b)  -> (artifact id: '541d68d23ca68759c21daa5ab91d12bd') in 0.006826 seconds 
  Import took 0.015048 seconds .

========================================================================
Received Import Request.
  Time since last request: 25.509170 seconds.
  path: Assets/Dev/Miyon/New Scene.unity
  artifactKey: Guid(b579e9a7f2a841046a310335f4b12e4a) Importer(815301076,1909f56bfc062723c751e8b465ee728b)
Start importing Assets/Dev/Miyon/New Scene.unity using Guid(b579e9a7f2a841046a310335f4b12e4a) Importer(815301076,1909f56bfc062723c751e8b465ee728b)  -> (artifact id: '727d5bddeb72f12b106a9583e74d1edd') in 0.015342 seconds 
  Import took 0.021905 seconds .

========================================================================
Received Import Request.
  Time since last request: 38.993341 seconds.
  path: Assets/Dev/Miyon/New Scene.unity
  artifactKey: Guid(b579e9a7f2a841046a310335f4b12e4a) Importer(815301076,1909f56bfc062723c751e8b465ee728b)
Start importing Assets/Dev/Miyon/New Scene.unity using Guid(b579e9a7f2a841046a310335f4b12e4a) Importer(815301076,1909f56bfc062723c751e8b465ee728b)  -> (artifact id: 'b95e4ec9ac9351e43251b8454199ad5f') in 0.015213 seconds 
  Import took 0.021807 seconds .

========================================================================
Received Prepare
Registering precompiled user dll's ...
Registered in 0.005328 seconds.
Begin MonoManager ReloadAssembly
Native extension for WindowsStandalone target not found
Refreshing native plugins compatible for Editor in 0.58 ms, found 3 plugins.
Preloading 0 native plugins for Editor in 0.00 ms.
Mono: successfully reloaded assembly
- Completed reload, in  1.654 seconds
Platform modules already initialized, skipping
Refreshing native plugins compatible for Editor in 1.83 ms, found 3 plugins.
Preloading 0 native plugins for Editor in 0.00 ms.
Unloading 2085 Unused Serialized files (Serialized files now loaded: 0)
System memory in use before: 96.1 MB.
System memory in use after: 96.2 MB.

Unloading 16 unused Assets to reduce memory usage. Loaded Objects now: 2589.
Total: 3.418800 ms (FindLiveObjects: 0.230700 ms CreateObjectMapping: 0.103200 ms MarkObjects: 3.048200 ms  DeleteObjects: 0.035200 ms)

AssetImportParameters requested are different than current active one (requested -> active):
  custom:framework-win-MediaFoundation: 216162199b28c13a410421893ffa2e32 -> 
  custom:video-decoder-ogg-theora: a1e56fd34408186e4bbccfd4996cb3dc -> 
  custom:container-muxer-webm: aa71ff27fc2769a1b78a27578f13a17b -> 
  custom:container-demuxer-webm: 4f35f7cbe854078d1ac9338744f61a02 -> 
  custom:container-demuxer-ogg: 62fdf1f143b41e24485cea50d1cbac27 -> 
  custom:video-encoder-webm-vp8: eb34c28f22e8b96e1ab97ce403110664 -> 
  custom:video-decoder-webm-vp8: 9c59270c3fd7afecdb556c50c9e8de78 -> 
  custom:audio-decoder-ogg-vorbis: bf7c407c2cedff20999df2af8eb42d56 -> 
  custom:audio-encoder-webm-vorbis: bf7c407c2cedff20999df2af8eb42d56 -> 
========================================================================
Received Import Request.
  Time since last request: 126.848870 seconds.
  path: Assets/CameraFollow.cs
  artifactKey: Guid(753a5dc884bcf8d429d508f6ab6f9691) Importer(815301076,1909f56bfc062723c751e8b465ee728b)
Start importing Assets/CameraFollow.cs using Guid(753a5dc884bcf8d429d508f6ab6f9691) Importer(815301076,1909f56bfc062723c751e8b465ee728b)  -> (artifact id: '484fccf9e38ac109ed50fbcae8974df6') in 0.023503 seconds 
  Import took 0.030918 seconds .

========================================================================
Received Import Request.
  Time since last request: 0.002009 seconds.
  path: Assets/CameraFollow.cs
  artifactKey: Guid(753a5dc884bcf8d429d508f6ab6f9691) Importer(815301076,1909f56bfc062723c751e8b465ee728b)
Start importing Assets/CameraFollow.cs using Guid(753a5dc884bcf8d429d508f6ab6f9691) Importer(815301076,1909f56bfc062723c751e8b465ee728b)  -> (artifact id: '484fccf9e38ac109ed50fbcae8974df6') in 0.010062 seconds 
  Import took 0.016831 seconds .

========================================================================
Received Prepare
Registering precompiled user dll's ...
Registered in 0.005726 seconds.
Begin MonoManager ReloadAssembly
Native extension for WindowsStandalone target not found
Refreshing native plugins compatible for Editor in 0.58 ms, found 3 plugins.
Preloading 0 native plugins for Editor in 0.00 ms.
Mono: successfully reloaded assembly
- Completed reload, in  1.661 seconds
Platform modules already initialized, skipping
Refreshing native plugins compatible for Editor in 1.03 ms, found 3 plugins.
Preloading 0 native plugins for Editor in 0.00 ms.
Unloading 2085 Unused Serialized files (Serialized files now loaded: 0)
System memory in use before: 96.1 MB.
System memory in use after: 96.2 MB.

Unloading 16 unused Assets to reduce memory usage. Loaded Objects now: 2593.
Total: 4.179600 ms (FindLiveObjects: 0.612200 ms CreateObjectMapping: 0.193000 ms MarkObjects: 3.338100 ms  DeleteObjects: 0.034200 ms)

AssetImportParameters requested are different than current active one (requested -> active):
  custom:framework-win-MediaFoundation: 216162199b28c13a410421893ffa2e32 -> 
  custom:video-decoder-ogg-theora: a1e56fd34408186e4bbccfd4996cb3dc -> 
  custom:container-muxer-webm: aa71ff27fc2769a1b78a27578f13a17b -> 
  custom:container-demuxer-webm: 4f35f7cbe854078d1ac9338744f61a02 -> 
  custom:container-demuxer-ogg: 62fdf1f143b41e24485cea50d1cbac27 -> 
  custom:video-encoder-webm-vp8: eb34c28f22e8b96e1ab97ce403110664 -> 
  custom:video-decoder-webm-vp8: 9c59270c3fd7afecdb556c50c9e8de78 -> 
  custom:audio-decoder-ogg-vorbis: bf7c407c2cedff20999df2af8eb42d56 -> 
  custom:audio-encoder-webm-vorbis: bf7c407c2cedff20999df2af8eb42d56 -> 
========================================================================
Received Import Request.
  Time since last request: 32.562300 seconds.
  path: Assets/CameraFollow.cs
  artifactKey: Guid(753a5dc884bcf8d429d508f6ab6f9691) Importer(815301076,1909f56bfc062723c751e8b465ee728b)
Start importing Assets/CameraFollow.cs using Guid(753a5dc884bcf8d429d508f6ab6f9691) Importer(815301076,1909f56bfc062723c751e8b465ee728b)  -> (artifact id: 'dfc89570b525045d1c1208570878d28b') in 0.008307 seconds 
  Import took 0.014118 seconds .

========================================================================
Received Prepare
Registering precompiled user dll's ...
Registered in 0.006325 seconds.
Begin MonoManager ReloadAssembly
Native extension for WindowsStandalone target not found
Refreshing native plugins compatible for Editor in 0.60 ms, found 3 plugins.
Preloading 0 native plugins for Editor in 0.00 ms.
Mono: successfully reloaded assembly
- Completed reload, in  1.777 seconds
Platform modules already initialized, skipping
Refreshing native plugins compatible for Editor in 1.03 ms, found 3 plugins.
Preloading 0 native plugins for Editor in 0.00 ms.
Unloading 2085 Unused Serialized files (Serialized files now loaded: 0)
System memory in use before: 96.2 MB.
System memory in use after: 96.3 MB.

Unloading 16 unused Assets to reduce memory usage. Loaded Objects now: 2597.
Total: 3.561400 ms (FindLiveObjects: 0.418900 ms CreateObjectMapping: 0.193100 ms MarkObjects: 2.912400 ms  DeleteObjects: 0.034900 ms)

AssetImportParameters requested are different than current active one (requested -> active):
  custom:framework-win-MediaFoundation: 216162199b28c13a410421893ffa2e32 -> 
  custom:video-decoder-ogg-theora: a1e56fd34408186e4bbccfd4996cb3dc -> 
  custom:container-muxer-webm: aa71ff27fc2769a1b78a27578f13a17b -> 
  custom:container-demuxer-webm: 4f35f7cbe854078d1ac9338744f61a02 -> 
  custom:container-demuxer-ogg: 62fdf1f143b41e24485cea50d1cbac27 -> 
  custom:video-encoder-webm-vp8: eb34c28f22e8b96e1ab97ce403110664 -> 
  custom:video-decoder-webm-vp8: 9c59270c3fd7afecdb556c50c9e8de78 -> 
  custom:audio-decoder-ogg-vorbis: bf7c407c2cedff20999df2af8eb42d56 -> 
  custom:audio-encoder-webm-vorbis: bf7c407c2cedff20999df2af8eb42d56 -> 
========================================================================
Received Prepare
Registering precompiled user dll's ...
Registered in 0.006810 seconds.
Begin MonoManager ReloadAssembly
Native extension for WindowsStandalone target not found
Refreshing native plugins compatible for Editor in 0.56 ms, found 3 plugins.
Preloading 0 native plugins for Editor in 0.00 ms.
Mono: successfully reloaded assembly
- Completed reload, in  1.551 seconds
Platform modules already initialized, skipping
Refreshing native plugins compatible for Editor in 1.04 ms, found 3 plugins.
Preloading 0 native plugins for Editor in 0.00 ms.
Unloading 2085 Unused Serialized files (Serialized files now loaded: 0)
System memory in use before: 96.2 MB.
System memory in use after: 96.3 MB.

Unloading 16 unused Assets to reduce memory usage. Loaded Objects now: 2601.
Total: 3.284200 ms (FindLiveObjects: 0.234700 ms CreateObjectMapping: 0.111800 ms MarkObjects: 2.911400 ms  DeleteObjects: 0.025300 ms)

AssetImportParameters requested are different than current active one (requested -> active):
  custom:framework-win-MediaFoundation: 216162199b28c13a410421893ffa2e32 -> 
  custom:video-decoder-ogg-theora: a1e56fd34408186e4bbccfd4996cb3dc -> 
  custom:container-muxer-webm: aa71ff27fc2769a1b78a27578f13a17b -> 
  custom:container-demuxer-webm: 4f35f7cbe854078d1ac9338744f61a02 -> 
  custom:container-demuxer-ogg: 62fdf1f143b41e24485cea50d1cbac27 -> 
  custom:video-encoder-webm-vp8: eb34c28f22e8b96e1ab97ce403110664 -> 
  custom:video-decoder-webm-vp8: 9c59270c3fd7afecdb556c50c9e8de78 -> 
  custom:audio-decoder-ogg-vorbis: bf7c407c2cedff20999df2af8eb42d56 -> 
  custom:audio-encoder-webm-vorbis: bf7c407c2cedff20999df2af8eb42d56 -> 
========================================================================
Received Prepare
Registering precompiled user dll's ...
Registered in 0.005487 seconds.
Begin MonoManager ReloadAssembly
Native extension for WindowsStandalone target not found
Refreshing native plugins compatible for Editor in 1.00 ms, found 3 plugins.
Preloading 0 native plugins for Editor in 0.00 ms.
Mono: successfully reloaded assembly
- Completed reload, in  1.728 seconds
Platform modules already initialized, skipping
Refreshing native plugins compatible for Editor in 1.19 ms, found 3 plugins.
Preloading 0 native plugins for Editor in 0.00 ms.
Unloading 2085 Unused Serialized files (Serialized files now loaded: 0)
System memory in use before: 96.2 MB.
System memory in use after: 96.3 MB.

Unloading 16 unused Assets to reduce memory usage. Loaded Objects now: 2605.
Total: 4.287600 ms (FindLiveObjects: 0.395200 ms CreateObjectMapping: 0.260800 ms MarkObjects: 3.598000 ms  DeleteObjects: 0.029500 ms)

AssetImportParameters requested are different than current active one (requested -> active):
  custom:framework-win-MediaFoundation: 216162199b28c13a410421893ffa2e32 -> 
  custom:video-decoder-ogg-theora: a1e56fd34408186e4bbccfd4996cb3dc -> 
  custom:container-muxer-webm: aa71ff27fc2769a1b78a27578f13a17b -> 
  custom:container-demuxer-webm: 4f35f7cbe854078d1ac9338744f61a02 -> 
  custom:container-demuxer-ogg: 62fdf1f143b41e24485cea50d1cbac27 -> 
  custom:video-encoder-webm-vp8: eb34c28f22e8b96e1ab97ce403110664 -> 
  custom:video-decoder-webm-vp8: 9c59270c3fd7afecdb556c50c9e8de78 -> 
  custom:audio-decoder-ogg-vorbis: bf7c407c2cedff20999df2af8eb42d56 -> 
  custom:audio-encoder-webm-vorbis: bf7c407c2cedff20999df2af8eb42d56 -> 
========================================================================
Received Prepare
Registering precompiled user dll's ...
Registered in 0.010830 seconds.
Begin MonoManager ReloadAssembly
Native extension for WindowsStandalone target not found
Refreshing native plugins compatible for Editor in 0.93 ms, found 3 plugins.
Preloading 0 native plugins for Editor in 0.00 ms.
Mono: successfully reloaded assembly
- Completed reload, in  3.010 seconds
Platform modules already initialized, skipping
Refreshing native plugins compatible for Editor in 1.03 ms, found 3 plugins.
Preloading 0 native plugins for Editor in 0.00 ms.
Unloading 2085 Unused Serialized files (Serialized files now loaded: 0)
System memory in use before: 96.2 MB.
System memory in use after: 96.3 MB.

Unloading 16 unused Assets to reduce memory usage. Loaded Objects now: 2609.
Total: 3.895000 ms (FindLiveObjects: 0.254400 ms CreateObjectMapping: 0.123900 ms MarkObjects: 3.478500 ms  DeleteObjects: 0.035400 ms)

AssetImportParameters requested are different than current active one (requested -> active):
  custom:framework-win-MediaFoundation: 216162199b28c13a410421893ffa2e32 -> 
  custom:video-decoder-ogg-theora: a1e56fd34408186e4bbccfd4996cb3dc -> 
  custom:container-muxer-webm: aa71ff27fc2769a1b78a27578f13a17b -> 
  custom:container-demuxer-webm: 4f35f7cbe854078d1ac9338744f61a02 -> 
  custom:container-demuxer-ogg: 62fdf1f143b41e24485cea50d1cbac27 -> 
  custom:video-encoder-webm-vp8: eb34c28f22e8b96e1ab97ce403110664 -> 
  custom:video-decoder-webm-vp8: 9c59270c3fd7afecdb556c50c9e8de78 -> 
  custom:audio-decoder-ogg-vorbis: bf7c407c2cedff20999df2af8eb42d56 -> 
  custom:audio-encoder-webm-vorbis: bf7c407c2cedff20999df2af8eb42d56 -> 
========================================================================
Received Prepare
Registering precompiled user dll's ...
Registered in 0.006330 seconds.
Begin MonoManager ReloadAssembly
Native extension for WindowsStandalone target not found
Refreshing native plugins compatible for Editor in 0.93 ms, found 3 plugins.
Preloading 0 native plugins for Editor in 0.00 ms.
Mono: successfully reloaded assembly
- Completed reload, in  1.669 seconds
Platform modules already initialized, skipping
Refreshing native plugins compatible for Editor in 1.01 ms, found 3 plugins.
Preloading 0 native plugins for Editor in 0.00 ms.
Unloading 2085 Unused Serialized files (Serialized files now loaded: 0)
System memory in use before: 96.2 MB.
System memory in use after: 96.3 MB.

Unloading 16 unused Assets to reduce memory usage. Loaded Objects now: 2613.
Total: 3.209900 ms (FindLiveObjects: 0.302100 ms CreateObjectMapping: 0.113500 ms MarkObjects: 2.766000 ms  DeleteObjects: 0.026400 ms)

AssetImportParameters requested are different than current active one (requested -> active):
  custom:framework-win-MediaFoundation: 216162199b28c13a410421893ffa2e32 -> 
  custom:video-decoder-ogg-theora: a1e56fd34408186e4bbccfd4996cb3dc -> 
  custom:container-muxer-webm: aa71ff27fc2769a1b78a27578f13a17b -> 
  custom:container-demuxer-webm: 4f35f7cbe854078d1ac9338744f61a02 -> 
  custom:container-demuxer-ogg: 62fdf1f143b41e24485cea50d1cbac27 -> 
  custom:video-encoder-webm-vp8: eb34c28f22e8b96e1ab97ce403110664 -> 
  custom:video-decoder-webm-vp8: 9c59270c3fd7afecdb556c50c9e8de78 -> 
  custom:audio-decoder-ogg-vorbis: bf7c407c2cedff20999df2af8eb42d56 -> 
  custom:audio-encoder-webm-vorbis: bf7c407c2cedff20999df2af8eb42d56 -> 
========================================================================
Received Import Request.
  Time since last request: 1738.299189 seconds.
  path: Assets/Dev/Miyon/New Scene.unity
  artifactKey: Guid(b579e9a7f2a841046a310335f4b12e4a) Importer(815301076,1909f56bfc062723c751e8b465ee728b)
Start importing Assets/Dev/Miyon/New Scene.unity using Guid(b579e9a7f2a841046a310335f4b12e4a) Importer(815301076,1909f56bfc062723c751e8b465ee728b)  -> (artifact id: '8b7bc5b6b0307330d484c34316b05eeb') in 0.027891 seconds 
  Import took 0.034356 seconds .

========================================================================
Received Import Request.
  Time since last request: 11.406567 seconds.
  path: Assets/Dev/Miyon/h_platform.prefab
  artifactKey: Guid(70c2315269a0fa240a7b4dedcdcab56d) Importer(815301076,1909f56bfc062723c751e8b465ee728b)
Start importing Assets/Dev/Miyon/h_platform.prefab using Guid(70c2315269a0fa240a7b4dedcdcab56d) Importer(815301076,1909f56bfc062723c751e8b465ee728b)  -> (artifact id: 'd9a07cb7c87ae466b1c7ebf438ddd5a2') in 0.098078 seconds 
  Import took 0.103631 seconds .

========================================================================
Received Import Request.
  Time since last request: 33.950938 seconds.
  path: Assets/Dev/Miyon/h_platform.prefab
  artifactKey: Guid(70c2315269a0fa240a7b4dedcdcab56d) Importer(815301076,1909f56bfc062723c751e8b465ee728b)
Start importing Assets/Dev/Miyon/h_platform.prefab using Guid(70c2315269a0fa240a7b4dedcdcab56d) Importer(815301076,1909f56bfc062723c751e8b465ee728b)  -> (artifact id: '9873f522ce12cd0cd70b8b115ae09dad') in 0.025936 seconds 
  Import took 0.032737 seconds .

========================================================================
Received Import Request.
  Time since last request: 467.728422 seconds.
  path: Assets/Dev/Miyon/h_platform (6) Variant.prefab
  artifactKey: Guid(3b578c51631c46344a0006dfeca5dad8) Importer(815301076,1909f56bfc062723c751e8b465ee728b)
Start importing Assets/Dev/Miyon/h_platform (6) Variant.prefab using Guid(3b578c51631c46344a0006dfeca5dad8) Importer(815301076,1909f56bfc062723c751e8b465ee728b)  -> (artifact id: '0a1b6547ed85c6eb3cc843bf9d8e9d89') in 0.041375 seconds 
  Import took 0.047964 seconds .

AssetImportWorkerClient::OnTransportError - code=2 error=End of file
