Using pre-set license

 COMMAND LINE ARGUMENTS:
/Applications/Unity/Hub/Editor/2020.3.12f1/Unity.app/Contents/MacOS/Unity
-adb2
-batchMode
-noUpm
-name
AssetImportWorker9
-projectPath
/Users/stephenieprovidence/Documents/Group 4 Infinite Runner 2D
-logFile
Logs/AssetImportWorker9.log
-srvPort
56746
Successfully changed project path to: /Users/stephenieprovidence/Documents/Group 4 Infinite Runner 2D
/Users/stephenieprovidence/Documents/Group 4 Infinite Runner 2D
Using Asset Import Pipeline V2.
Refreshing native plugins compatible for Editor in 2365.64 ms, found 3 plugins.
Preloading 0 native plugins for Editor in 0.00 ms.
Initialize engine version: 2020.3.12f1 (b3b2c6512326)
[Subsystems] Discovering subsystems at path /Applications/Unity/Hub/Editor/2020.3.12f1/Unity.app/Contents/Resources/UnitySubsystems
[Subsystems] Discovering subsystems at path /Users/stephenieprovidence/Documents/Group 4 Infinite Runner 2D/Assets
GfxDevice: creating device client; threaded=0
2021-07-13 09:19:21.917 Unity[45437:1884606] Color LCD preferred device: Intel HD Graphics 4000 (low power)
2021-07-13 09:19:21.917 Unity[45437:1884606] Metal devices available: 1
2021-07-13 09:19:21.917 Unity[45437:1884606] 0: Intel HD Graphics 4000 (low power)
2021-07-13 09:19:21.918 Unity[45437:1884606] Using device Intel HD Graphics 4000 (low power)
Initializing Metal device caps: Intel HD Graphics 4000
