Using pre-set license

 COMMAND LINE ARGUMENTS:
/Applications/Unity/Hub/Editor/2020.3.12f1/Unity.app/Contents/MacOS/Unity
-adb2
-batchMode
-noUpm
-name
AssetImportWorker29
-projectPath
/Users/stephenieprovidence/Documents/Group 4 Infinite Runner 2D
-logFile
Logs/AssetImportWorker29.log
-srvPort
54330
Successfully changed project path to: /Users/stephenieprovidence/Documents/Group 4 Infinite Runner 2D
/Users/stephenieprovidence/Documents/Group 4 Infinite Runner 2D
Using Asset Import Pipeline V2.
Refreshing native plugins compatible for Editor in 1848.38 ms, found 3 plugins.
Preloading 0 native plugins for Editor in 0.00 ms.
Initialize engine version: 2020.3.12f1 (b3b2c6512326)
[Subsystems] Discovering subsystems at path /Applications/Unity/Hub/Editor/2020.3.12f1/Unity.app/Contents/Resources/UnitySubsystems
