Using pre-set license

 COMMAND LINE ARGUMENTS:
/Applications/Unity/Hub/Editor/2020.3.12f1/Unity.app/Contents/MacOS/Unity
-adb2
-batchMode
-noUpm
-name
AssetImportWorker91
-projectPath
/Users/stephenieprovidence/Documents/Group 4 Infinite Runner 2D
-logFile
Logs/AssetImportWorker91.log
-srvPort
57482
Successfully changed project path to: /Users/stephenieprovidence/Documents/Group 4 Infinite Runner 2D
/Users/stephenieprovidence/Documents/Group 4 Infinite Runner 2D
Using Asset Import Pipeline V2.
Refreshing native plugins compatible for Editor in 1173.18 ms, found 3 plugins.
Preloading 0 native plugins for Editor in 0.00 ms.
Initialize engine version: 2020.3.12f1 (b3b2c6512326)
[Subsystems] Discovering subsystems at path /Applications/Unity/Hub/Editor/2020.3.12f1/Unity.app/Contents/Resources/UnitySubsystems
[Subsystems] Discovering subsystems at path /Users/stephenieprovidence/Documents/Group 4 Infinite Runner 2D/Assets
GfxDevice: creating device client; threaded=0
2021-07-13 12:57:13.565 Unity[47153:1961839] Color LCD preferred device: Intel HD Graphics 4000 (low power)
2021-07-13 12:57:13.566 Unity[47153:1961839] Metal devices available: 1
2021-07-13 12:57:13.566 Unity[47153:1961839] 0: Intel HD Graphics 4000 (low power)
2021-07-13 12:57:13.569 Unity[47153:1961839] Using device Intel HD Graphics 4000 (low power)
Initializing Metal device caps: Intel HD Graphics 4000
Initialize mono
Mono path[0] = '/Applications/Unity/Hub/Editor/2020.3.12f1/Unity.app/Contents/Managed'
Mono path[1] = '/Applications/Unity/Hub/Editor/2020.3.12f1/Unity.app/Contents/MonoBleedingEdge/lib/mono/unityjit'
Mono config path = '/Applications/Unity/Hub/Editor/2020.3.12f1/Unity.app/Contents/MonoBleedingEdge/etc'
Using monoOptions --debugger-agent=transport=dt_socket,embedding=1,server=y,suspend=n,address=127.0.0.1:56153
Begin MonoManager ReloadAssembly
